2015-09-24 11:32:29;new chat started;101038712
2015-09-24 11:39:26;new chat started;101038712
2015-09-24 11:40:27;new chat started;101038712
2015-09-24 11:41:41;wrong command sent;101038712
2015-09-24 11:47:00;new chat started;101038712
2015-09-24 11:51:30;new chat started;101038712
2015-09-24 11:52:34;new chat started;101038712
2015-09-24 11:54:07;new chat started;101038712
2015-09-24 11:55:27;new chat started;101038712
2015-09-24 11:59:24;new chat started;101038712
2015-09-24 12:00:24;new chat started;101038712
2015-09-24 12:27:28;location command sent;101038712
2015-09-24 13:18:48;location command sent;101038712
2015-09-24 13:18:50;location command sent;101038712
2015-09-24 13:23:49;location command sent;101038712
2015-09-24 13:24:41;location command sent;101038712
2015-09-24 13:25:35;location command sent;101038712
2015-09-24 13:26:22;location command sent;101038712
2015-09-24 13:26:51;location command sent;101038712
2015-09-24 13:28:54;location command sent;101038712
2015-09-24 13:32:51;wrong command sent;101038712
2015-09-24 13:34:13;wrong command sent;101038712
2015-09-24 13:35:12;wrong command sent;101038712
2015-09-24 13:38:26;wrong command sent;101038712
2015-09-24 13:40:06;wrong command sent;101038712
2015-09-24 13:40:56;wrong command sent;101038712
2015-09-24 13:45:32;wrong command sent;101038712
2015-09-24 13:46:03;wrong command sent;101038712
2015-09-24 13:46:43;wrong command sent;101038712
2015-09-24 13:48:55;wrong command sent;101038712
2015-09-24 13:52:31;wrong command sent;101038712
2015-09-24 13:52:33;wrong command sent;101038712
2015-09-24 13:53:25;wrong command sent;101038712
2015-09-24 13:55:40;wrong command sent;101038712
2015-09-24 13:56:21;wrong command sent;101038712
2015-09-24 13:56:44;wrong command sent;101038712
2015-09-24 13:57:59;wrong command sent;101038712
2015-09-24 14:01:21;wrong command sent;101038712
2015-09-24 14:02:13;wrong command sent;101038712
2015-09-24 14:04:32;wrong command sent;101038712
2015-09-24 14:05:05;wrong command sent;101038712
2015-09-24 14:05:36;wrong command sent;101038712
2015-09-24 14:09:39;wrong command sent;101038712
2015-09-24 14:09:40;wrong command sent;101038712
2015-09-24 14:10:23;wrong command sent;101038712
2015-09-24 14:15:55;wrong command sent;101038712
2015-09-24 14:15:58;wrong command sent;101038712
2015-09-24 14:16:01;wrong command sent;101038712
2015-09-24 14:16:25;wrong command sent;101038712
2015-09-24 14:20:19;wrong command sent;101038712
2015-09-24 14:23:47;wrong command sent;101038712
2015-09-24 14:26:15;wrong command sent;101038712
2015-09-24 14:27:15;wrong command sent;101038712
2015-09-24 14:37:10;wrong command sent;101038712
2016-06-15 16:44:19,location command sent,69668132
2016-06-15 16:44:47,location command sent,69668132
2016-06-15 17:09:36,new chat started,35394212
2016-06-15 17:10:38,wrong command sent,35394212
2016-06-15 17:18:58,new chat started,117797581
2016-06-15 17:21:02,new chat started,82814621
2016-06-15 17:21:16,location command sent,82814621
2016-06-15 17:21:26,wrong command sent,82814621
2016-06-15 17:25:15,location command sent,82814621
2016-06-15 17:25:36,location command sent,117797581
2016-06-15 17:35:56,new chat started,138777812
2016-06-15 17:36:32,new chat started,55922789
2016-06-15 17:36:37,location command sent,138777812
2016-06-15 17:37:01,location command sent,138777812
2016-06-15 17:37:53,location command sent,138777812
2016-06-15 17:39:05,new chat started,150495043
2016-06-15 17:39:22,new chat started,142857047
2016-06-15 17:40:19,new chat started,150495043
2016-06-15 17:43:35,new chat started,56403609
2016-06-15 17:43:45,location command sent,56403609
2016-06-15 17:49:43,new chat started,88687778
2016-06-15 17:53:19,new chat started,115923809
2016-06-15 17:54:35,new chat started,130558713
2016-06-15 17:54:59,location command sent,130558713
2016-06-15 17:55:12,new chat started,115923809
2016-06-15 17:56:07,location command sent,115923809
2016-06-15 18:07:17,new chat started,77257665
2016-06-15 18:07:58,location command sent,77257665
2016-06-15 18:27:43,new chat started,25861625
2016-06-15 18:28:03,wrong command sent,25861625
2016-06-15 18:29:09,wrong command sent,25861625
2016-06-15 18:38:21,new chat started,30090844
2016-06-15 18:40:07,location command sent,30090844
2016-06-15 18:42:31,new chat started,194042040
2016-06-15 18:42:51,location command sent,194042040
2016-06-15 18:43:37,location command sent,194042040
2016-06-15 18:58:43,new chat started,132099098
2016-06-15 18:58:56,location command sent,132099098
2016-06-15 19:09:22,new chat started,69668132
2016-06-15 19:11:54,new chat started,69668132
2016-06-15 19:12:07,new chat started,69668132
2016-06-15 19:13:51,new chat started,69668132
2016-06-15 19:14:26,new chat started,69668132
2016-06-15 19:14:34,location command sent,69668132
2016-06-15 19:15:27,location command sent,69668132
2016-06-15 19:15:59,new chat started,69668132
2016-06-15 19:17:50,new chat started,135618494
2016-06-15 19:18:17,location command sent,135618494
2016-06-15 19:45:01,new chat started,80890345
2016-06-15 19:50:20,wrong command sent,101038712
2016-06-15 19:50:29,location command sent,101038712
2016-06-15 20:14:26,new chat started,95094177
2016-06-15 20:29:53,new chat started,217329997
2016-06-15 20:30:19,location command sent,217329997
2016-06-15 20:31:22,new chat started,134312241
2016-06-15 20:31:37,location command sent,134312241
2016-06-15 20:34:27,new chat started,124964685
2016-06-15 20:34:55,wrong command sent,124964685
2016-06-15 20:35:43,location command sent,124964685
2016-06-15 20:37:44,new chat started,186064191
2016-06-15 20:38:02,new chat started,88632077
2016-06-15 20:38:50,new chat started,227978305
2016-06-15 20:39:00,location command sent,88632077
2016-06-15 20:39:25,wrong command sent,186064191
2016-06-15 20:40:01,location command sent,186064191
2016-06-15 20:42:55,new chat started,69668132
2016-06-15 20:57:53,new chat started,137235732
2016-06-15 20:58:05,location command sent,137235732
2016-06-15 21:07:17,new chat started,68671825
2016-06-15 21:08:03,location command sent,68671825
2016-06-15 21:11:44,location command sent,68671825
2016-06-15 21:30:38,new chat started,35235371
2016-06-15 21:55:20,new chat started,113538146
2016-06-15 22:10:01,new chat started,182732545
2016-06-15 22:10:25,location command sent,182732545
2016-06-15 22:13:44,new chat started,69668132
2016-06-15 22:13:49,new chat started,69668132
2016-06-15 22:14:00,new chat started,69668132
2016-06-15 22:14:21,new chat started,69668132
2016-06-15 22:15:14,location command sent,69668132
2016-06-15 22:18:26,new chat started,86673048
2016-06-15 22:18:58,new chat started,86673048
2016-06-15 22:20:27,wrong command sent,86673048
2016-06-15 22:22:59,location command sent,86673048
2016-06-15 22:23:10,new chat started,113271578
2016-06-15 22:23:30,location command sent,113271578
2016-06-15 22:23:45,new chat started,113271578
2016-06-15 22:39:01,new chat started,14383798
2016-06-15 22:39:35,location command sent,14383798
2016-06-15 22:39:56,new chat started,194467606
2016-06-15 22:40:07,location command sent,194467606
2016-06-15 22:40:11,new chat started,24722605
2016-06-15 22:40:20,location command sent,14383798
2016-06-15 22:41:33,new chat started,24722605
2016-06-15 22:43:03,new chat started,61692644
2016-06-15 22:43:05,new chat started,3438486
2016-06-15 22:48:52,new chat started,37712962
2016-06-15 22:54:28,location command sent,61692644
2016-06-15 23:06:43,new chat started,87997424
2016-06-15 23:07:21,location command sent,87997424
2016-06-15 23:12:05,new chat started,69668132
2016-06-15 23:14:14,new chat started,61692644
2016-06-15 23:15:05,new chat started,61692644
2016-06-15 23:30:36,new chat started,131164472
2016-06-15 23:31:54,new chat started,20050599
2016-06-15 23:32:14,location command sent,20050599
2016-06-15 23:44:01,new chat started,116006647
2016-06-15 23:44:24,location command sent,116006647
2016-06-15 23:44:49,new chat started,116006647
2016-06-15 23:55:51,new chat started,4240000
2016-06-16 00:08:54,new chat started,130671588
2016-06-16 00:16:15,new chat started,69111811
2016-06-16 00:31:42,new chat started,99160605
2016-06-16 00:31:45,wrong command sent,99160605
2016-06-16 01:05:17,new chat started,43844175
2016-06-16 01:07:27,new chat started,186088167
2016-06-16 01:07:36,new chat started,186088167
2016-06-16 01:08:39,wrong command sent,132099098
2016-06-16 01:15:03,new chat started,172140760
2016-06-16 01:15:21,location command sent,172140760
2016-06-16 05:17:42,new chat started,24198001
2016-06-16 06:45:01,new chat started,163410726
2016-06-16 06:47:01,location command sent,163410726
2016-06-16 06:47:49,location command sent,163410726
2016-06-16 06:48:03,location command sent,163410726
2016-06-16 06:50:55,location command sent,163410726
2016-06-16 06:51:25,location command sent,163410726
2016-06-16 07:20:00,location command sent,130671588
2016-06-16 07:32:44,new chat started,93734187
2016-06-16 07:35:07,location command sent,93734187
2016-06-16 07:35:43,location command sent,93734187
2016-06-16 07:49:05,location command sent,154660325
2016-06-16 07:49:20,new chat started,236819359
2016-06-16 07:49:29,location command sent,236819359
2016-06-16 07:49:33,new chat started,236819359
2016-06-16 07:49:49,location command sent,236819359
2016-06-16 07:49:57,new chat started,236819359
2016-06-16 07:49:59,new chat started,236819359
2016-06-16 07:53:17,location command sent,236819359
2016-06-16 08:17:40,new chat started,130650893
2016-06-16 08:18:44,location command sent,130650893
2016-06-16 08:29:18,new chat started,2827691
2016-06-16 08:29:49,location command sent,2827691
2016-06-16 08:31:25,location command sent,25861625
2016-06-16 08:38:42,new chat started,137772883
2016-06-16 08:53:12,location command sent,130650893
2016-06-16 08:55:34,location command sent,130650893
2016-06-16 09:21:20,location command sent,130671588
2016-06-16 09:21:22,location command sent,130650893
2016-06-16 10:16:33,location command sent,124964685
2016-06-16 11:06:01,location command sent,130558713
2016-06-16 11:13:42,new chat started,34483743
2016-06-16 11:39:30,new chat started,5026475
2016-06-16 11:39:58,location command sent,5026475
2016-06-16 11:57:44,new chat started,133803859
2016-06-16 11:59:48,location command sent,133803859
2016-06-16 13:43:24,new chat started,159558541
2016-06-16 13:44:16,location command sent,159558541
2016-06-16 15:15:21,location command sent,61692644
2016-06-16 15:37:08,new chat started,4150967
2016-06-16 15:37:41,location command sent,4150967
2016-06-16 15:38:23,location command sent,4150967
2016-06-16 15:46:51,new chat started,113271578
2016-06-16 15:47:30,location command sent,113271578
2016-06-16 15:47:54,location command sent,113271578
2016-06-16 15:48:43,new chat started,233640930
2016-06-16 15:52:08,new chat started,176130097
2016-06-16 16:14:29,new chat started,220610037
2016-06-16 16:35:11,location command sent,35235371
2016-06-16 16:36:07,new chat started,131322236
2016-06-16 16:36:29,location command sent,131322236
2016-06-16 16:36:57,location command sent,131322236
2016-06-16 16:37:19,location command sent,131322236
2016-06-16 18:22:47,new chat started,158884095
2016-06-16 18:35:04,location command sent,99480791
2016-06-16 19:05:51,new chat started,148355229
2016-06-16 19:05:56,location command sent,148355229
2016-06-16 19:43:18,new chat started,85049574
2016-06-16 20:59:18,new chat started,117207572
2016-06-16 20:59:59,location command sent,117207572
2016-06-16 21:11:29,location command sent,132099098
2016-06-16 21:50:01,wrong command sent,130650893
2016-06-17 00:25:51,location command sent,172140760
2016-06-17 02:47:43,location command sent,82814621
2016-06-17 04:05:51,new chat started,223503870
2016-06-17 04:05:59,new chat started,223503870
2016-06-17 10:40:50,new chat started,216564162
2016-06-17 10:41:21,location command sent,216564162
2016-06-17 11:49:51,location command sent,132099098
2016-06-17 21:23:10,new chat started,1808639
2016-06-17 21:23:12,new chat started,61692644
2016-06-17 21:23:12,new chat started,186938898
2016-06-17 21:23:12,new chat started,61692644
2016-06-17 21:23:12,new chat started,186938898
2016-06-17 21:23:12,new chat started,61692644
2016-06-17 21:23:12,location command sent,1808639
2016-06-17 21:23:13,new chat started,186938898
2016-06-17 21:23:13,new chat started,186938898
2016-06-17 21:23:12,location command sent,61692644
2016-06-17 21:23:12,location command sent,61692644
2016-06-17 21:23:14,new chat started,61692644
2016-06-17 21:23:15,new chat started,69668132
2016-06-17 21:23:13,location command sent,186938898
2016-06-17 21:23:13,location command sent,186938898
2016-06-17 21:23:16,new chat started,69668132
2016-06-17 21:23:13,location command sent,186938898
2016-06-17 21:23:12,location command sent,61692644
2016-06-17 21:23:13,location command sent,61692644
2016-06-17 21:23:12,location command sent,61692644
2016-06-17 21:23:14,location command sent,61692644
2016-06-17 21:23:14,location command sent,61692644
2016-06-17 21:23:20,new chat started,69668132
2016-06-17 21:23:20,new chat started,61692644
2016-06-17 21:23:20,new chat started,69668132
2016-06-17 21:23:20,new chat started,69668132
2016-06-17 21:23:15,location command sent,69668132
2016-06-17 21:23:20,new chat started,69668132
2016-06-17 21:23:20,new chat started,69668132
2016-06-17 21:23:20,location command sent,69668132
2016-06-17 21:23:20,new chat started,69668132
2016-06-17 21:23:20,location command sent,69668132
2016-06-17 21:29:10,new chat started,69668132
2016-06-17 21:29:11,wrong command sent,69668132
2016-06-17 21:29:11,new chat started,69668132
2016-06-17 21:29:11,new chat started,69668132
2016-06-17 21:29:11,new chat started,69668132
2016-06-17 21:29:11,location command sent,69668132
2016-06-17 21:29:19,new chat started,69668132
2016-06-17 21:29:24,location command sent,69668132
2016-06-17 21:29:57,location command sent,69668132
2016-06-17 21:30:44,new chat started,69668132
2016-06-17 21:33:12,location command sent,69668132
2016-06-17 21:33:23,location command sent,69668132
2016-06-17 21:33:30,location command sent,69668132
2016-06-17 21:33:37,location command sent,69668132
2016-06-17 21:34:39,location command sent,61692644
2016-06-17 21:34:42,location command sent,69668132
2016-06-17 21:42:32,new chat started,2291715
2016-06-17 21:42:43,new chat started,2291715
2016-06-17 21:50:06,location command sent,61692644
2016-06-17 22:14:34,location command sent,132099098
2016-06-17 22:24:38,new chat started,69668132
2016-06-17 22:24:43,new chat started,69668132
2016-06-17 22:24:43,new chat started,69668132
2016-06-17 22:24:43,new chat started,69668132
2016-06-17 22:24:45,new chat started,69668132
2016-06-17 23:39:44,new chat started,69668132
2016-06-18 01:38:20,new chat started,29159633
2016-06-18 01:38:36,location command sent,29159633
2016-06-18 07:22:21,location command sent,69668132
2016-06-18 08:15:44,location command sent,186938898
2016-06-18 08:18:55,location command sent,217329997
2016-06-18 08:31:03,new chat started,30100836
2016-06-18 08:31:40,location command sent,30100836
2016-06-18 10:06:02,new chat started,69668132
2016-06-18 11:37:48,new chat started,69668132
2016-06-18 13:44:50,new chat started,43732355
2016-06-18 13:45:10,location command sent,43732355
2016-06-18 13:49:43,location command sent,43732355
2016-06-18 13:50:23,location command sent,43732355
2016-06-18 14:37:33,location command sent,132099098
2016-06-18 14:56:14,location command sent,61692644
2016-06-18 15:27:52,location command sent,69668132
2016-06-18 15:28:05,location command sent,-146695718
2016-06-18 15:29:50,wrong command sent,-146695718
2016-06-18 15:30:32,location command sent,-146695718
2016-06-18 15:30:37,new chat started,69668132
2016-06-18 15:37:06,new chat started,69668132
2016-06-18 15:37:21,location command sent,-146695718
2016-06-18 15:37:56,location command sent,-146695718
2016-06-18 15:40:25,location command sent,-146695718
2016-06-18 15:41:53,wrong command sent,-146695718
2016-06-18 15:42:04,wrong command sent,-146695718
2016-06-18 15:49:00,new chat started,69668132
2016-06-18 15:53:47,new chat started,69668132
2016-06-18 16:01:47,location command sent,-146695718
2016-06-18 16:01:52,location command sent,-146695718
2016-06-18 16:02:54,location command sent,-146695718
2016-06-18 16:04:06,location command sent,-146695718
2016-06-18 16:04:44,location command sent,-146695718
2016-06-18 16:07:09,location command sent,-146695718
2016-06-18 16:08:11,location command sent,-146695718
2016-06-18 16:08:47,new chat started,69668132
2016-06-18 16:09:32,location command sent,-146695718
2016-06-18 16:09:48,new chat started,69668132
2016-06-18 16:10:15,location command sent,-146695718
2016-06-18 16:10:30,location command sent,-146695718
2016-06-18 16:14:37,wrong command sent,-146695718
2016-06-18 16:15:07,wrong command sent,-146695718
2016-06-18 16:23:27,location command sent,-146695718
2016-06-18 16:24:16,location command sent,-146695718
2016-06-18 16:24:18,new chat started,69668132
2016-06-18 16:24:27,location command sent,-146695718
2016-06-18 16:25:51,location command sent,-146695718
2016-06-18 16:26:13,location command sent,-146695718
2016-06-18 16:27:26,location command sent,-146695718
2016-06-18 16:28:28,location command sent,-146695718
2016-06-18 16:29:32,location command sent,-146695718
2016-06-18 16:52:21,new chat started,69668132
2016-06-18 17:03:17,new chat started,69668132
2016-06-18 17:09:06,new chat started,69668132
2016-06-18 17:13:06,location command sent,194467606
2016-06-18 17:15:04,new chat started,188491466
2016-06-18 17:15:06,location command sent,188491466
2016-06-18 17:28:55,new chat started,69668132
2016-06-18 17:33:39,location command sent,-146695718
2016-06-18 17:35:55,location command sent,-146695718
2016-06-18 17:36:54,new chat started,69668132
2016-06-18 17:38:01,new chat started,69668132
2016-06-18 17:38:13,location command sent,69668132
2016-06-18 18:39:46,location command sent,132099098
2016-06-18 18:51:32,wrong command sent,-146695718
2016-06-18 19:42:55,location command sent,-146695718
2016-06-18 21:10:52,location command sent,-146695718
2016-06-18 21:12:36,location command sent,-146695718
2016-06-18 21:13:38,location command sent,-146695718
2016-06-18 21:22:01,wrong command sent,-146695718
2016-06-18 21:22:30,wrong command sent,-146695718
2016-06-18 21:23:49,wrong command sent,-146695718
2016-06-18 21:24:16,wrong command sent,-146695718
2016-06-18 21:24:24,wrong command sent,-146695718
2016-06-18 21:25:45,wrong command sent,-146695718
2016-06-18 21:26:20,wrong command sent,-146695718
2016-06-18 21:30:05,location command sent,-146695718
2016-06-18 21:31:07,location command sent,-146695718
2016-06-18 21:34:31,location command sent,-146695718
2016-06-18 21:35:33,location command sent,-146695718
2016-06-18 21:36:37,location command sent,-146695718
2016-06-18 22:37:06,location command sent,99480791
2016-06-18 22:37:09,location command sent,99480791
2016-06-18 22:37:24,location command sent,99480791
2016-06-18 23:29:24,new chat started,62234419
2016-06-18 23:29:38,location command sent,62234419
2016-06-18 23:30:17,new chat started,150855242
2016-06-18 23:31:27,wrong command sent,150855242
2016-06-18 23:31:30,new chat started,150855242
2016-06-18 23:31:49,location command sent,150855242
2016-06-18 23:35:35,new chat started,199932508
2016-06-18 23:35:52,location command sent,199932508
2016-06-18 23:37:09,new chat started,41022974
2016-06-18 23:37:35,location command sent,41022974
2016-06-18 23:40:54,new chat started,27773957
2016-06-18 23:42:38,new chat started,114552915
2016-06-18 23:43:07,location command sent,114552915
2016-06-18 23:44:17,location command sent,27773957
2016-06-18 23:44:41,new chat started,83899360
2016-06-18 23:44:55,location command sent,83899360
2016-06-18 23:45:07,new chat started,127382405
2016-06-18 23:46:09,new chat started,114552915
2016-06-18 23:47:29,location command sent,114552915
2016-06-18 23:48:19,location command sent,114552915
2016-06-18 23:51:01,new chat started,41022974
2016-06-18 23:53:31,new chat started,104248189
2016-06-18 23:53:32,new chat started,104248189
2016-06-18 23:54:48,location command sent,104248189
2016-06-18 23:56:20,new chat started,128788607
2016-06-18 23:56:26,wrong command sent,128788607
2016-06-18 23:56:37,location command sent,128788607
2016-06-18 23:58:56,new chat started,17622356
2016-06-19 00:00:06,location command sent,17622356
2016-06-19 00:00:50,new chat started,17622356
2016-06-19 00:01:02,wrong command sent,17622356
2016-06-19 00:01:09,wrong command sent,17622356
2016-06-19 00:12:19,new chat started,126319256
2016-06-19 00:12:57,location command sent,126319256
2016-06-19 00:33:04,new chat started,187403410
2016-06-19 00:36:14,location command sent,-146695718
2016-06-19 00:41:15,location command sent,-146695718
2016-06-19 00:41:52,wrong command sent,-146695718
2016-06-19 00:42:46,location command sent,-146695718
2016-06-19 00:43:22,location command sent,69668132
2016-06-19 00:45:33,location command sent,69668132
2016-06-19 00:51:50,new chat started,54437977
2016-06-19 00:52:47,location command sent,54437977
2016-06-19 00:53:17,new chat started,69668132
2016-06-19 01:04:27,wrong command sent,93734187
2016-06-19 01:04:47,new chat started,93734187
2016-06-19 01:05:28,location command sent,93734187
2016-06-19 01:07:05,wrong command sent,93734187
2016-06-19 01:58:49,new chat started,34353829
2016-06-19 01:59:03,location command sent,34353829
2016-06-19 02:36:31,new chat started,73473719
2016-06-19 02:37:16,location command sent,73473719
2016-06-19 03:41:38,new chat started,62371628
2016-06-19 03:41:52,location command sent,62371628
2016-06-19 08:01:49,new chat started,27966694
2016-06-19 08:02:21,location command sent,27966694
2016-06-19 08:47:08,new chat started,57820336
2016-06-19 08:47:28,location command sent,57820336
2016-06-19 08:54:58,location command sent,154660325
2016-06-19 08:55:37,new chat started,225776993
2016-06-19 09:04:25,new chat started,24925738
2016-06-19 09:06:47,new chat started,218477875
2016-06-19 09:07:23,location command sent,218477875
2016-06-19 09:11:14,location command sent,24925738
2016-06-19 09:23:44,new chat started,112540606
2016-06-19 09:28:10,location command sent,57820336
2016-06-19 09:29:45,new chat started,112540606
2016-06-19 09:30:25,location command sent,112540606
2016-06-19 09:31:30,new chat started,25955328
2016-06-19 09:31:51,location command sent,25955328
2016-06-19 10:12:35,wrong command sent,-121504329
2016-06-19 10:24:13,new chat started,155300159
2016-06-19 10:24:39,location command sent,155300159
2016-06-19 10:29:21,wrong command sent,61692644
2016-06-19 10:29:55,location command sent,61692644
2016-06-19 10:31:39,new chat started,199567483
2016-06-19 10:33:26,location command sent,199567483
2016-06-19 10:35:27,wrong command sent,
2016-06-19 10:35:43,wrong command sent,
2016-06-19 10:35:44,wrong command sent,
2016-06-19 10:36:12,wrong command sent,
2016-06-19 10:36:13,wrong command sent,
2016-06-19 10:36:14,wrong command sent,
2016-06-19 10:36:47,wrong command sent,
2016-06-19 10:36:48,wrong command sent,
2016-06-19 10:37:10,wrong command sent,
2016-06-19 11:06:12,new chat started,137772883
2016-06-19 11:07:01,new chat started,30554867
2016-06-19 11:07:16,location command sent,30554867
2016-06-19 11:13:06,new chat started,196117878
2016-06-19 11:19:34,new chat started,132918812
2016-06-19 11:19:55,location command sent,132918812
2016-06-19 11:26:07,location command sent,132918812
2016-06-19 11:29:09,new chat started,231029719
2016-06-19 11:30:09,location command sent,231029719
2016-06-19 11:32:19,new chat started,172355798
2016-06-19 11:33:18,location command sent,172355798
2016-06-19 11:35:43,new chat started,22338896
2016-06-19 11:36:16,new chat started,147691411
2016-06-19 11:36:51,new chat started,22338896
2016-06-19 11:37:01,location command sent,147691411
2016-06-19 11:38:33,new chat started,28786437
2016-06-19 11:39:16,location command sent,28786437
2016-06-19 11:44:28,location command sent,132918812
2016-06-19 11:52:44,wrong command sent,93734187
2016-06-19 11:59:22,new chat started,135560648
2016-06-19 12:01:36,location command sent,218477875
2016-06-19 12:05:11,new chat started,135560648
2016-06-19 12:05:27,location command sent,135560648
2016-06-19 12:12:24,new chat started,177874396
2016-06-19 12:13:45,location command sent,177874396
2016-06-19 12:30:48,wrong command sent,61692644
2016-06-19 12:31:05,wrong command sent,61692644
2016-06-19 12:59:58,new chat started,195416714
2016-06-19 13:08:32,location command sent,135560648
2016-06-19 13:32:41,new chat started,120950358
2016-06-19 13:33:06,location command sent,120950358
2016-06-19 13:43:37,location command sent,57820336
2016-06-19 13:50:40,new chat started,25959132
2016-06-19 14:13:27,new chat started,5621114
2016-06-19 14:13:39,location command sent,5621114
2016-06-19 14:16:28,new chat started,126144555
2016-06-19 14:16:45,location command sent,126144555
2016-06-19 14:18:51,new chat started,26099519
2016-06-19 14:21:04,location command sent,26099519
2016-06-19 14:24:41,wrong command sent,-146695718
2016-06-19 14:44:26,wrong command sent,69668132
2016-06-19 14:45:28,new chat started,122016483
2016-06-19 14:45:29,location command sent,69668132
2016-06-19 14:45:47,location command sent,122016483
2016-06-19 15:10:07,new chat started,223352833
2016-06-19 15:10:40,location command sent,223352833
2016-06-19 15:17:07,new chat started,209323846
2016-06-19 15:17:33,location command sent,209323846
2016-06-19 15:22:55,location command sent,69668132
2016-06-19 15:29:42,new chat started,113100072
2016-06-19 15:30:33,location command sent,113100072
2016-06-19 15:33:20,wrong command sent,
2016-06-19 15:33:22,wrong command sent,
2016-06-19 15:36:17,wrong command sent,
2016-06-19 15:37:28,new chat started,145159623
2016-06-19 15:37:49,location command sent,145159623
2016-06-19 15:50:55,new chat started,20634405
2016-06-19 15:51:12,location command sent,20634405
2016-06-19 16:05:11,location command sent,117207572
2016-06-19 16:22:43,new chat started,135968552
2016-06-19 16:23:31,new chat started,223352833
2016-06-19 16:23:48,location command sent,223352833
2016-06-19 16:56:40,new chat started,181678447
2016-06-19 16:57:02,location command sent,181678447
2016-06-19 16:59:40,location command sent,181678447
2016-06-19 17:02:46,location command sent,181678447
2016-06-19 17:02:54,new chat started,181678447
2016-06-19 17:04:22,location command sent,69668132
2016-06-19 17:06:26,wrong command sent,181678447
2016-06-19 17:42:36,location command sent,62371628
2016-06-19 17:52:44,location command sent,62371628
2016-06-19 17:54:43,new chat started,129391701
2016-06-19 17:55:32,location command sent,129391701
2016-06-19 17:55:50,location command sent,129391701
2016-06-19 17:59:49,location command sent,62371628
2016-06-19 18:03:42,new chat started,167622360
2016-06-19 18:04:20,location command sent,167622360
2016-06-19 18:07:42,wrong command sent,-127264972
2016-06-19 18:08:12,new chat started,-127264972
2016-06-19 18:08:42,wrong command sent,-127264972
2016-06-19 18:17:09,new chat started,138291343
2016-06-19 18:17:28,new chat started,138291343
2016-06-19 18:29:41,new chat started,23039906
2016-06-19 18:49:18,new chat started,212397080
2016-06-19 18:50:04,location command sent,212397080
2016-06-19 19:01:47,location command sent,218477875
2016-06-19 19:17:02,new chat started,101338011
2016-06-19 19:50:17,new chat started,203598353
2016-06-19 19:56:42,new chat started,204737257
2016-06-19 19:57:31,location command sent,204737257
2016-06-19 20:39:20,wrong command sent,-146695718
2016-06-19 22:29:30,location command sent,117797581
2016-06-19 22:30:04,wrong command sent,117797581
2016-06-19 23:06:39,location command sent,23039906
2016-06-19 23:15:00,new chat started,172675716
2016-06-19 23:15:25,location command sent,172675716
2016-06-20 00:11:05,new chat started,139874649
2016-06-20 00:11:52,location command sent,139874649
2016-06-20 00:20:04,new chat started,87997424
2016-06-20 00:54:32,new chat started,25905104
2016-06-20 00:55:19,new chat started,25905104
2016-06-20 00:56:55,wrong command sent,25905104
2016-06-20 07:15:23,new chat started,69668132
2016-06-20 07:25:16,new chat started,139874649
2016-06-20 07:25:54,new chat started,139874649
2016-06-20 07:28:05,location command sent,139874649
2016-06-20 07:54:54,location command sent,203598353
2016-06-20 07:56:04,location command sent,203598353
2016-06-20 07:58:41,new chat started,203598353
2016-06-20 08:08:44,location command sent,181678447
2016-06-20 11:39:13,new chat started,203727036
2016-06-20 11:41:55,location command sent,203727036
2016-06-20 11:42:29,location command sent,203727036
2016-06-20 13:23:53,new chat started,30090844
2016-06-20 13:28:09,new chat started,121171689
2016-06-20 13:28:47,new chat started,121171689
2016-06-20 13:30:03,location command sent,121171689
2016-06-20 13:39:23,location command sent,231029719
2016-06-20 15:30:34,location command sent,62371628
2016-06-20 16:57:19,location command sent,56403609
2016-06-20 18:23:17,new chat started,139874649
2016-06-20 18:25:23,new chat started,139874649
2016-06-20 18:25:35,location command sent,139874649
2016-06-20 18:33:14,new chat started,165589462
2016-06-20 18:33:51,wrong command sent,165589462
2016-06-20 18:33:58,wrong command sent,165589462
2016-06-20 18:44:23,new chat started,139874649
2016-06-20 18:44:37,location command sent,139874649
2016-06-20 19:02:45,location command sent,154660325
2016-06-20 22:30:52,location command sent,132918812
2016-06-20 23:39:06,new chat started,139874649
2016-06-20 23:39:40,location command sent,139874649
2016-06-21 01:51:37,wrong command sent,-146695718
2016-06-21 09:45:23,location command sent,129391701
2016-06-21 09:59:21,new chat started,129391701
2016-06-21 09:59:45,location command sent,129391701
2016-06-21 10:36:16,location command sent,132099098
2016-06-21 11:22:03,new chat started,145159623
2016-06-21 11:22:11,location command sent,145159623
2016-06-21 15:18:55,new chat started,180990422
2016-06-21 15:19:54,location command sent,180990422
2016-06-21 15:47:16,location command sent,129391701
2016-06-21 16:56:33,location command sent,122016483
2016-06-21 16:57:06,new chat started,43684790
2016-06-21 18:17:35,wrong command sent,104248189
2016-06-21 20:10:13,new chat started,225465976
2016-06-21 20:10:37,location command sent,225465976
2016-06-21 20:53:19,location command sent,122016483
2016-06-21 20:53:35,wrong command sent,122016483
2016-06-21 23:19:32,new chat started,52501463
2016-06-21 23:19:49,location command sent,52501463
2016-06-21 23:47:56,location command sent,52501463
2016-06-22 06:53:41,new chat started,50177313
2016-06-22 06:53:50,location command sent,50177313
2016-06-22 07:45:09,new chat started,76193405
2016-06-22 07:47:34,new chat started,59651026
2016-06-22 07:48:04,location command sent,59651026
2016-06-22 07:50:04,new chat started,53274413
2016-06-22 07:50:11,new chat started,53274413
2016-06-22 07:50:13,new chat started,32613984
2016-06-22 07:50:27,new chat started,32613984
2016-06-22 07:50:30,new chat started,89566783
2016-06-22 07:50:50,new chat started,119136786
2016-06-22 07:50:58,location command sent,53274413
2016-06-22 07:51:07,location command sent,89566783
2016-06-22 07:51:27,location command sent,32613984
2016-06-22 07:52:05,location command sent,53274413
2016-06-22 07:53:52,new chat started,81898274
2016-06-22 07:54:09,location command sent,81898274
2016-06-22 08:01:53,new chat started,44414317
2016-06-22 08:11:20,new chat started,86776296
2016-06-22 08:13:21,new chat started,9299628
2016-06-22 08:14:12,location command sent,9299628
2016-06-22 08:17:01,new chat started,137135779
2016-06-22 08:17:17,new chat started,137135779
2016-06-22 08:17:41,new chat started,48701488
2016-06-22 08:19:41,location command sent,48701488
2016-06-22 08:20:02,new chat started,9054664
2016-06-22 08:20:39,new chat started,9054664
2016-06-22 08:23:25,new chat started,35437724
2016-06-22 08:24:03,location command sent,35437724
2016-06-22 08:24:46,location command sent,35437724
2016-06-22 08:26:38,new chat started,142302845
2016-06-22 08:49:28,new chat started,186635643
2016-06-22 08:50:48,location command sent,186635643
2016-06-22 09:19:26,new chat started,114589344
2016-06-22 09:35:16,new chat started,17620408
2016-06-22 09:35:25,new chat started,17620408
2016-06-22 09:35:34,location command sent,17620408
2016-06-22 09:45:59,new chat started,37995004
2016-06-22 09:46:26,new chat started,111850019
2016-06-22 09:46:56,location command sent,111850019
2016-06-22 09:47:38,location command sent,111850019
2016-06-22 09:47:46,new chat started,111850019
2016-06-22 09:58:42,new chat started,153905496
2016-06-22 10:04:39,new chat started,19769506
2016-06-22 10:05:06,location command sent,19769506
2016-06-22 10:06:44,new chat started,2619206
2016-06-22 10:16:43,new chat started,34959716
2016-06-22 10:17:32,new chat started,129017876
2016-06-22 10:17:49,location command sent,129017876
2016-06-22 10:55:30,new chat started,2619206
2016-06-22 10:57:36,location command sent,2619206
2016-06-22 10:59:24,location command sent,62234419
2016-06-22 11:35:10,new chat started,69668132
2016-06-22 11:35:27,new chat started,69668132
2016-06-22 11:35:54,new chat started,69668132
2016-06-22 11:36:51,new chat started,69668132
2016-06-22 11:37:06,new chat started,69668132
2016-06-22 11:37:33,new chat started,69668132
2016-06-22 11:38:08,new chat started,69668132
2016-06-22 11:38:52,new chat started,69668132
2016-06-22 11:39:13,new chat started,69668132
2016-06-22 11:39:29,new chat started,69668132
2016-06-22 11:41:06,new chat started,52501463
2016-06-22 12:05:41,new chat started,112146995
2016-06-22 12:06:48,location command sent,112146995
2016-06-22 12:23:19,new chat started,69668132
2016-06-22 12:23:38,location command sent,69668132
2016-06-22 12:31:47,location command sent,69668132
2016-06-22 12:32:29,location command sent,69668132
2016-06-22 12:33:07,location command sent,69668132
2016-06-22 12:34:06,location command sent,69668132
2016-06-22 12:34:32,location command sent,69668132
2016-06-22 12:41:54,new chat started,69668132
2016-06-22 12:41:58,location command sent,69668132
2016-06-22 12:43:08,wrong command sent,-146695718
2016-06-22 12:44:33,wrong command sent,-146695718
2016-06-22 12:45:08,wrong command sent,-146695718
2016-06-22 12:47:07,location command sent,69668132
2016-06-22 12:48:49,new chat started,69668132
2016-06-22 12:53:28,wrong command sent,69668132
2016-06-22 13:00:08,new chat started,120555915
2016-06-22 13:18:24,new chat started,24634724
2016-06-22 13:19:04,new chat started,24634724
2016-06-22 13:45:54,new chat started,69668132
2016-06-22 14:03:01,new chat started,117469979
2016-06-22 14:07:55,new chat started,159129885
2016-06-22 14:09:06,new chat started,159129885
2016-06-22 14:09:10,new chat started,159129885
2016-06-22 14:28:05,location command sent,159129885
2016-06-22 15:09:37,new chat started,132290328
2016-06-22 15:09:43,new chat started,132290328
2016-06-22 15:17:52,new chat started,160445886
2016-06-22 15:18:10,new chat started,161827314
2016-06-22 15:19:18,wrong command sent,161827314
2016-06-22 15:19:34,wrong command sent,161827314
2016-06-22 15:19:45,wrong command sent,161827314
2016-06-22 15:24:27,new chat started,168996555
2016-06-22 15:24:46,location command sent,168996555
2016-06-22 15:36:14,new chat started,159129885
2016-06-22 15:36:48,location command sent,159129885
2016-06-22 16:53:52,new chat started,202193426
2016-06-22 16:59:05,new chat started,128805598
2016-06-22 16:59:28,new chat started,128805598
2016-06-22 16:59:32,new chat started,128805598
2016-06-22 16:59:45,location command sent,128805598
2016-06-22 20:48:55,new chat started,222647707
2016-06-22 21:43:21,new chat started,84152481
2016-06-22 21:45:10,location command sent,84152481
2016-06-22 22:42:15,new chat started,221298121
2016-06-23 01:31:53,wrong command sent,69668132
2016-06-23 01:34:26,location command sent,69668132
2016-06-23 01:34:50,wrong command sent,69668132
2016-06-23 01:45:54,wrong command sent,-146695718
2016-06-23 01:49:34,wrong command sent,-146695718
2016-06-23 06:24:09,location command sent,9299628
2016-06-23 07:00:29,new chat started,87172796
2016-06-23 07:15:21,location command sent,87172796
2016-06-23 07:21:48,wrong command sent,-111314695
2016-06-23 07:25:20,new chat started,-111314695
2016-06-23 07:26:04,wrong command sent,-111314695
2016-06-23 07:27:04,location command sent,87172796
2016-06-23 08:25:14,location command sent,122016483
2016-06-23 08:36:07,new chat started,170306485
2016-06-23 08:51:07,new chat started,62371628
2016-06-23 08:51:55,location command sent,62371628
2016-06-23 09:01:52,location command sent,62371628
2016-06-23 10:15:12,wrong command sent,122016483
2016-06-23 10:48:14,location command sent,203022280
2016-06-23 10:53:23,new chat started,69668132
2016-06-23 11:34:33,new chat started,69668132
2016-06-23 11:34:55,wrong command sent,
2016-06-23 11:34:57,wrong command sent,
2016-06-23 11:35:05,wrong command sent,
2016-06-23 11:36:48,wrong command sent,
2016-06-23 14:17:49,new chat started,62371628
2016-06-23 14:16:49,location command sent,62371628
2016-06-23 14:17:53,new chat started,62371628
2016-06-23 14:18:02,new chat started,137969952
2016-06-23 14:17:51,location command sent,62371628
2016-06-23 14:18:23,location command sent,137969952
2016-06-23 14:53:51,new chat started,114476346
2016-06-23 14:56:28,location command sent,114476346
2016-06-23 15:06:01,new chat started,237716515
2016-06-23 15:06:20,location command sent,237716515
2016-06-23 15:37:44,new chat started,72073049
2016-06-23 15:37:59,new chat started,72073049
2016-06-23 16:14:45,new chat started,9054664
2016-06-23 23:13:28,new chat started,203777266
2016-06-23 23:13:35,new chat started,203777266
2016-06-23 23:14:00,new chat started,203777266
2016-06-23 23:14:51,new chat started,203777266
2016-06-24 01:49:26,new chat started,160844725
2016-06-24 01:53:30,location command sent,160844725
2016-06-24 10:47:58,location command sent,69668132
2016-06-24 11:46:07,location command sent,87172796
2016-06-24 12:02:10,wrong command sent,122016483
2016-06-24 13:17:25,location command sent,202193426
2016-06-24 15:00:13,new chat started,31342184
2016-06-24 15:01:17,location command sent,31342184
2016-06-24 15:13:08,location command sent,31342184
2016-06-24 16:06:07,new chat started,175508742
2016-06-24 16:06:34,wrong command sent,175508742
2016-06-24 16:26:26,wrong command sent,181631321
2016-06-24 20:01:54,location command sent,237716515
2016-06-24 20:36:03,location command sent,-146695718
2016-06-24 21:19:22,location command sent,5026475
2016-06-25 01:43:30,location command sent,129391701
2016-06-25 09:43:59,location command sent,69668132
2016-06-25 09:44:55,wrong command sent,69668132
2016-06-25 10:51:01,wrong command sent,69668132
2016-06-25 12:02:22,wrong command sent,-146695718
